<?xml version="1.0" encoding="UTF-8"?>
<!-- Generated by org.testng.reporters.JUnitXMLReporter -->
<testsuite hostname="DiviKums_pc" ignored="0" name="Test" tests="1" failures="1" timestamp="03 Sep 2019 17:03:34 GMT" time="13.265" errors="0">
  <testcase name="runZoomcar" time="0.011" classname="org.testleaf.zoomcar.testcases.ZoomCarTC">
    <failure type="java.lang.Error" message="Unresolved compilation problem: 
	Unhandled exception type InterruptedException
">
      <![CDATA[java.lang.Error: Unresolved compilation problem: 
Unhandled exception type InterruptedException

at org.testleaf.zoomcar.testcases.ZoomCarTC.runZoomcar(ZoomCarTC.java:11)
... Removed 25 stack frames]]>
    </failure>
  </testcase> <!-- runZoomcar -->
</testsuite> <!-- Test -->
