<?xml version="1.0" encoding="UTF-8"?>
<testng-results skipped="0" failed="0" ignored="0" total="1" passed="1">
  <reporter-output>
  </reporter-output>
  <suite name="Default suite" duration-ms="24233" started-at="2019-09-08T06:38:37Z" finished-at="2019-09-08T06:39:01Z">
    <groups>
    </groups>
    <test name="Default test" duration-ms="24233" started-at="2019-09-08T06:38:37Z" finished-at="2019-09-08T06:39:01Z">
      <class name="org.testleaf.zoomcar.testcases.ZoomCarTC">
        <test-method status="PASS" signature="startApp()[pri:0, instance:org.testleaf.zoomcar.testcases.ZoomCarTC@754ba872]" name="startApp" is-config="true" duration-ms="13531" started-at="2019-09-08T06:38:37Z" finished-at="2019-09-08T06:38:51Z">
          <reporter-output>
          </reporter-output>
        </test-method> <!-- startApp -->
        <test-method status="PASS" signature="runZoomcar()[pri:0, instance:org.testleaf.zoomcar.testcases.ZoomCarTC@754ba872]" name="runZoomcar" duration-ms="10646" started-at="2019-09-08T06:38:51Z" finished-at="2019-09-08T06:39:01Z">
          <reporter-output>
          </reporter-output>
        </test-method> <!-- runZoomcar -->
        <test-method status="PASS" signature="closeApp()[pri:0, instance:org.testleaf.zoomcar.testcases.ZoomCarTC@754ba872]" name="closeApp" is-config="true" duration-ms="1" started-at="2019-09-08T06:39:01Z" finished-at="2019-09-08T06:39:01Z">
          <reporter-output>
          </reporter-output>
        </test-method> <!-- closeApp -->
      </class> <!-- org.testleaf.zoomcar.testcases.ZoomCarTC -->
    </test> <!-- Default test -->
  </suite> <!-- Default suite -->
</testng-results>
